This file contains any messages produced by compilers while
running configure, to aid debugging if configure makes a mistake.

It was created by lsscsi configure 0.20, which was
generated by GNU Autoconf 2.59.  Invocation command line was

  $ ./configure 

## --------- ##
## Platform. ##
## --------- ##

hostname = rink.bingwo.ca
uname -m = i686
uname -r = 2.6.24-rc4
uname -s = Linux
uname -v = #8 PREEMPT Tue Dec 4 18:24:06 EST 2007

/usr/bin/uname -p = unknown
/bin/uname -X     = unknown

/bin/arch              = i686
/usr/bin/arch -k       = unknown
/usr/convex/getsysinfo = unknown
hostinfo               = unknown
/bin/machine           = unknown
/usr/bin/oslevel       = unknown
/bin/universe          = unknown

PATH: /usr/lib/qt-3.3/bin
PATH: /usr/kerberos/bin
PATH: /usr/local/bin
PATH: /usr/bin
PATH: /bin
PATH: /usr/X11R6/bin
PATH: /home/dougg/bin


## ----------- ##
## Core tests. ##
## ----------- ##

configure:1310: checking for a BSD-compatible install
configure:1365: result: /usr/bin/install -c
configure:1376: checking whether build environment is sane
configure:1419: result: yes
configure:1484: checking for gawk
configure:1500: found /usr/bin/gawk
configure:1510: result: gawk
configure:1520: checking whether make sets $(MAKE)
configure:1540: result: yes
configure:1757: checking for gcc
configure:1773: found /usr/bin/gcc
configure:1783: result: gcc
configure:2027: checking for C compiler version
configure:2030: gcc --version </dev/null >&5
gcc (GCC) 4.1.2 20070925 (Red Hat 4.1.2-33)
Copyright (C) 2006 Free Software Foundation, Inc.
This is free software; see the source for copying conditions.  There is NO
warranty; not even for MERCHANTABILITY or FITNESS FOR A PARTICULAR PURPOSE.

configure:2033: $? = 0
configure:2035: gcc -v </dev/null >&5
Using built-in specs.
Target: i386-redhat-linux
Configured with: ../configure --prefix=/usr --mandir=/usr/share/man --infodir=/usr/share/info --enable-shared --enable-threads=posix --enable-checking=release --with-system-zlib --enable-__cxa_atexit --disable-libunwind-exceptions --enable-languages=c,c++,objc,obj-c++,java,fortran,ada --enable-java-awt=gtk --disable-dssi --enable-plugin --with-java-home=/usr/lib/jvm/java-1.5.0-gcj-1.5.0.0/jre --enable-libgcj-multifile --enable-java-maintainer-mode --with-ecj-jar=/usr/share/java/eclipse-ecj.jar --with-cpu=generic --host=i386-redhat-linux
Thread model: posix
gcc version 4.1.2 20070925 (Red Hat 4.1.2-33)
configure:2038: $? = 0
configure:2040: gcc -V </dev/null >&5
gcc: '-V' option must have argument
configure:2043: $? = 1
configure:2066: checking for C compiler default output file name
configure:2069: gcc    conftest.c  >&5
configure:2072: $? = 0
configure:2118: result: a.out
configure:2123: checking whether the C compiler works
configure:2129: ./a.out
configure:2132: $? = 0
configure:2149: result: yes
configure:2156: checking whether we are cross compiling
configure:2158: result: no
configure:2161: checking for suffix of executables
configure:2163: gcc -o conftest    conftest.c  >&5
configure:2166: $? = 0
configure:2191: result: 
configure:2197: checking for suffix of object files
configure:2218: gcc -c   conftest.c >&5
configure:2221: $? = 0
configure:2243: result: o
configure:2247: checking whether we are using the GNU C compiler
configure:2271: gcc -c   conftest.c >&5
configure:2277: $? = 0
configure:2281: test -z 
			 || test ! -s conftest.err
configure:2284: $? = 0
configure:2287: test -s conftest.o
configure:2290: $? = 0
configure:2303: result: yes
configure:2309: checking whether gcc accepts -g
configure:2330: gcc -c -g  conftest.c >&5
configure:2336: $? = 0
configure:2340: test -z 
			 || test ! -s conftest.err
configure:2343: $? = 0
configure:2346: test -s conftest.o
configure:2349: $? = 0
configure:2360: result: yes
configure:2377: checking for gcc option to accept ANSI C
configure:2447: gcc  -c -g -O2  conftest.c >&5
configure:2453: $? = 0
configure:2457: test -z 
			 || test ! -s conftest.err
configure:2460: $? = 0
configure:2463: test -s conftest.o
configure:2466: $? = 0
configure:2484: result: none needed
configure:2502: gcc -c -g -O2  conftest.c >&5
conftest.c:2: error: expected '=', ',', ';', 'asm' or '__attribute__' before 'me'
configure:2508: $? = 1
configure: failed program was:
| #ifndef __cplusplus
|   choke me
| #endif
configure:2652: checking for style of include used by make
configure:2680: result: GNU
configure:2708: checking dependency style of gcc
configure:2798: result: gcc3
configure:2828: checking for a BSD-compatible install
configure:2883: result: /usr/bin/install -c
configure:3005: creating ./config.status

## ---------------------- ##
## Running config.status. ##
## ---------------------- ##

This file was extended by lsscsi config.status 0.20, which was
generated by GNU Autoconf 2.59.  Invocation command line was

  CONFIG_FILES    = 
  CONFIG_HEADERS  = 
  CONFIG_LINKS    = 
  CONFIG_COMMANDS = 
  $ ./config.status 

on rink.bingwo.ca

config.status:687: creating Makefile
config.status:791: creating config.h
config.status:877: config.h is unchanged
config.status:1057: executing depfiles commands

## ---------------- ##
## Cache variables. ##
## ---------------- ##

ac_cv_c_compiler_gnu=yes
ac_cv_env_CC_set=
ac_cv_env_CC_value=
ac_cv_env_CFLAGS_set=
ac_cv_env_CFLAGS_value=
ac_cv_env_CPPFLAGS_set=
ac_cv_env_CPPFLAGS_value=
ac_cv_env_LDFLAGS_set=
ac_cv_env_LDFLAGS_value=
ac_cv_env_build_alias_set=
ac_cv_env_build_alias_value=
ac_cv_env_host_alias_set=
ac_cv_env_host_alias_value=
ac_cv_env_target_alias_set=
ac_cv_env_target_alias_value=
ac_cv_exeext=
ac_cv_objext=o
ac_cv_path_install='/usr/bin/install -c'
ac_cv_prog_AWK=gawk
ac_cv_prog_ac_ct_CC=gcc
ac_cv_prog_cc_g=yes
ac_cv_prog_cc_stdc=
ac_cv_prog_make_make_set=yes
am_cv_CC_dependencies_compiler_type=gcc3

## ----------------- ##
## Output variables. ##
## ----------------- ##

ACLOCAL='${SHELL} /home/dougg/scsi/lsscsi/lsscsi-0.20/missing --run aclocal-1.9'
AMDEPBACKSLASH='\'
AMDEP_FALSE='#'
AMDEP_TRUE=''
AMTAR='${SHELL} /home/dougg/scsi/lsscsi/lsscsi-0.20/missing --run tar'
AUTOCONF='${SHELL} /home/dougg/scsi/lsscsi/lsscsi-0.20/missing --run autoconf'
AUTOHEADER='${SHELL} /home/dougg/scsi/lsscsi/lsscsi-0.20/missing --run autoheader'
AUTOMAKE='${SHELL} /home/dougg/scsi/lsscsi/lsscsi-0.20/missing --run automake-1.9'
AWK='gawk'
CC='gcc'
CCDEPMODE='depmode=gcc3'
CFLAGS='-g -O2'
CPPFLAGS=''
CYGPATH_W='echo'
DEFS='-DHAVE_CONFIG_H'
DEPDIR='.deps'
ECHO_C=''
ECHO_N='-n'
ECHO_T=''
EXEEXT=''
INSTALL_DATA='${INSTALL} -m 644'
INSTALL_PROGRAM='${INSTALL}'
INSTALL_SCRIPT='${INSTALL}'
INSTALL_STRIP_PROGRAM='${SHELL} $(install_sh) -c -s'
LDFLAGS=''
LIBOBJS=''
LIBS=''
LTLIBOBJS=''
MAKEINFO='${SHELL} /home/dougg/scsi/lsscsi/lsscsi-0.20/missing --run makeinfo'
OBJEXT='o'
PACKAGE='lsscsi'
PACKAGE_BUGREPORT='dgilbert@interlog.com'
PACKAGE_NAME='lsscsi'
PACKAGE_STRING='lsscsi 0.20'
PACKAGE_TARNAME='lsscsi'
PACKAGE_VERSION='0.20'
PATH_SEPARATOR=':'
SET_MAKE=''
SHELL='/bin/sh'
STRIP=''
VERSION='0.20'
ac_ct_CC='gcc'
ac_ct_STRIP=''
am__fastdepCC_FALSE='#'
am__fastdepCC_TRUE=''
am__include='include'
am__leading_dot='.'
am__quote=''
am__tar='${AMTAR} chof - "$$tardir"'
am__untar='${AMTAR} xf -'
bindir='${exec_prefix}/bin'
build_alias=''
datadir='${prefix}/share'
exec_prefix='${prefix}'
host_alias=''
includedir='${prefix}/include'
infodir='${prefix}/info'
install_sh='/home/dougg/scsi/lsscsi/lsscsi-0.20/install-sh'
libdir='${exec_prefix}/lib'
libexecdir='${exec_prefix}/libexec'
localstatedir='${prefix}/var'
mandir='${prefix}/man'
mkdir_p='mkdir -p --'
oldincludedir='/usr/include'
prefix='/usr/local'
program_transform_name='s,x,x,'
sbindir='${exec_prefix}/sbin'
sharedstatedir='${prefix}/com'
sysconfdir='${prefix}/etc'
target_alias=''

## ----------- ##
## confdefs.h. ##
## ----------- ##

#define PACKAGE "lsscsi"
#define PACKAGE_BUGREPORT "dgilbert@interlog.com"
#define PACKAGE_NAME "lsscsi"
#define PACKAGE_STRING "lsscsi 0.20"
#define PACKAGE_TARNAME "lsscsi"
#define PACKAGE_VERSION "0.20"
#define VERSION "0.20"

configure: exit 0
